<?xml version="1.0" encoding="UTF-8"?>
<!-- Generated by org.testng.reporters.JUnitReportReporter -->
<testsuite skipped="0" hostname="Salah-Dell" name="tests.CheckProductValueTest" tests="1" failures="0" timestamp="2020-08-08T21:00:16 EET" time="15.299" errors="0">
  <testcase name="Adding_items_to_cart" time="15.299" classname="tests.CheckProductValueTest"/>
  <system-out/>
</testsuite> <!-- tests.CheckProductValueTest -->
